2022-09-22 15:49:21.335  INFO DESKTOP-FD4DNOH --- [ main] a.w.s.WarehouseApplication               : Starting WarehouseApplication using Java 17.0.3.1 on DESKTOP-FD4DNOH with PID 19648 (C:\Users\Rei\Desktop\warehouse\target\classes started by Rei in C:\Users\Rei\Desktop\warehouse)
2022-09-22 15:49:21.351  INFO DESKTOP-FD4DNOH --- [ main] a.w.s.WarehouseApplication               : No active profile set, falling back to 1 default profile: "default"
2022-09-22 15:49:21.736  INFO DESKTOP-FD4DNOH --- [ main] .s.d.r.c.RepositoryConfigurationDelegate : Bootstrapping Spring Data JPA repositories in DEFAULT mode.
2022-09-22 15:49:21.751  INFO DESKTOP-FD4DNOH --- [ main] .s.d.r.c.RepositoryConfigurationDelegate : Finished Spring Data repository scanning in 3 ms. Found 0 JPA repository interfaces.
2022-09-22 15:49:22.093  INFO DESKTOP-FD4DNOH --- [ main] o.s.b.w.e.t.TomcatWebServer              : Tomcat initialized with port(s): 8080 (http)
2022-09-22 15:49:22.093  INFO DESKTOP-FD4DNOH --- [ main] o.a.c.h.Http11NioProtocol                : Initializing ProtocolHandler ["http-nio-8080"]
2022-09-22 15:49:22.093  INFO DESKTOP-FD4DNOH --- [ main] o.a.c.c.StandardService                  : Starting service [Tomcat]
2022-09-22 15:49:22.093  INFO DESKTOP-FD4DNOH --- [ main] o.a.c.c.StandardEngine                   : Starting Servlet engine: [Apache Tomcat/9.0.65]
2022-09-22 15:49:22.171  INFO DESKTOP-FD4DNOH --- [ main] o.a.c.c.C.[.[.[/app/warehouse]           : Initializing Spring embedded WebApplicationContext
2022-09-22 15:49:22.171  INFO DESKTOP-FD4DNOH --- [ main] w.s.c.ServletWebServerApplicationContext : Root WebApplicationContext: initialization completed in 796 ms
2022-09-22 15:49:22.296  INFO DESKTOP-FD4DNOH --- [ main] c.z.h.HikariDataSource                   : HikariPool-1 - Starting...
2022-09-22 15:49:22.374  INFO DESKTOP-FD4DNOH --- [ main] c.z.h.HikariDataSource                   : HikariPool-1 - Start completed.
2022-09-22 15:49:22.530  INFO DESKTOP-FD4DNOH --- [ main] l.lockservice                            : Successfully acquired change log lock
2022-09-22 15:49:22.764  INFO DESKTOP-FD4DNOH --- [ main] l.changelog                              : Reading from warehouse.DATABASECHANGELOG
2022-09-22 15:49:22.827  INFO DESKTOP-FD4DNOH --- [ main] l.lockservice                            : Successfully released change log lock
2022-09-22 15:49:22.874  INFO DESKTOP-FD4DNOH --- [ main] o.h.j.i.u.LogHelper                      : HHH000204: Processing PersistenceUnitInfo [name: default]
2022-09-22 15:49:22.889  INFO DESKTOP-FD4DNOH --- [ main] o.h.Version                              : HHH000412: Hibernate ORM core version 5.6.11.Final
2022-09-22 15:49:22.983  INFO DESKTOP-FD4DNOH --- [ main] o.h.a.c.Version                          : HCANN000001: Hibernate Commons Annotations {5.1.2.Final}
2022-09-22 15:49:23.030  INFO DESKTOP-FD4DNOH --- [ main] o.h.d.Dialect                            : HHH000400: Using dialect: org.hibernate.dialect.MySQL5InnoDBDialect
2022-09-22 15:49:23.124  INFO DESKTOP-FD4DNOH --- [ main] o.h.e.t.j.p.i.JtaPlatformInitiator       : HHH000490: Using JtaPlatform implementation: [org.hibernate.engine.transaction.jta.platform.internal.NoJtaPlatform]
2022-09-22 15:49:23.124  INFO DESKTOP-FD4DNOH --- [ main] j.LocalContainerEntityManagerFactoryBean : Initialized JPA EntityManagerFactory for persistence unit 'default'
2022-09-22 15:49:23.280  WARN DESKTOP-FD4DNOH --- [ main] ion$DefaultTemplateResolverConfiguration : Cannot find template location: classpath:/templates/ (please add some templates, check your Thymeleaf configuration, or set spring.thymeleaf.check-template-location=false)
2022-09-22 15:49:23.358  WARN DESKTOP-FD4DNOH --- [ main] .s.s.UserDetailsServiceAutoConfiguration : 

Using generated security password: 83331335-d495-4498-8552-2db66ff5858d

This generated password is for development use only. Your security configuration must be updated before running your application in production.

2022-09-22 15:49:23.405  INFO DESKTOP-FD4DNOH --- [ main] o.s.s.w.DefaultSecurityFilterChain       : Will secure any request with [org.springframework.security.web.session.DisableEncodeUrlFilter@ce0bbd5, org.springframework.security.web.context.request.async.WebAsyncManagerIntegrationFilter@399fd710, org.springframework.security.web.context.SecurityContextPersistenceFilter@5d04fbb7, org.springframework.security.web.header.HeaderWriterFilter@55574295, org.springframework.security.web.csrf.CsrfFilter@1e5e3147, org.springframework.security.web.authentication.logout.LogoutFilter@6167c42f, org.springframework.security.web.authentication.UsernamePasswordAuthenticationFilter@565c887e, org.springframework.security.web.authentication.ui.DefaultLoginPageGeneratingFilter@48d464cf, org.springframework.security.web.authentication.ui.DefaultLogoutPageGeneratingFilter@7c359808, org.springframework.security.web.authentication.www.BasicAuthenticationFilter@7c6ab057, org.springframework.security.web.savedrequest.RequestCacheAwareFilter@5c7e55a4, org.springframework.security.web.servletapi.SecurityContextHolderAwareRequestFilter@7ae6927, org.springframework.security.web.authentication.AnonymousAuthenticationFilter@1f013047, org.springframework.security.web.session.SessionManagementFilter@6c4786af, org.springframework.security.web.access.ExceptionTranslationFilter@3703a400, org.springframework.security.web.access.intercept.FilterSecurityInterceptor@6db04a6]
2022-09-22 15:49:23.436  INFO DESKTOP-FD4DNOH --- [ main] o.a.c.h.Http11NioProtocol                : Starting ProtocolHandler ["http-nio-8080"]
2022-09-22 15:49:23.452  INFO DESKTOP-FD4DNOH --- [ main] o.s.b.w.e.t.TomcatWebServer              : Tomcat started on port(s): 8080 (http) with context path '/app/warehouse'
2022-09-22 15:49:23.452  INFO DESKTOP-FD4DNOH --- [ main] a.w.s.WarehouseApplication               : Started WarehouseApplication in 2.395 seconds (JVM running for 3.139)
2022-09-22 15:49:40.047  INFO DESKTOP-FD4DNOH --- [ionShutdownHook] j.LocalContainerEntityManagerFactoryBean : Closing JPA EntityManagerFactory for persistence unit 'default'
2022-09-22 15:49:40.047  INFO DESKTOP-FD4DNOH --- [ionShutdownHook] c.z.h.HikariDataSource                   : HikariPool-1 - Shutdown initiated...
2022-09-22 15:49:40.047  INFO DESKTOP-FD4DNOH --- [ionShutdownHook] c.z.h.HikariDataSource                   : HikariPool-1 - Shutdown completed.
2022-09-22 15:49:53.957  INFO DESKTOP-FD4DNOH --- [ main] a.w.s.WarehouseApplication               : Starting WarehouseApplication using Java 17.0.3.1 on DESKTOP-FD4DNOH with PID 6108 (C:\Users\Rei\Desktop\warehouse\target\classes started by Rei in C:\Users\Rei\Desktop\warehouse)
2022-09-22 15:49:53.972  INFO DESKTOP-FD4DNOH --- [ main] a.w.s.WarehouseApplication               : No active profile set, falling back to 1 default profile: "default"
2022-09-22 15:49:54.362  INFO DESKTOP-FD4DNOH --- [ main] .s.d.r.c.RepositoryConfigurationDelegate : Bootstrapping Spring Data JPA repositories in DEFAULT mode.
2022-09-22 15:49:54.377  INFO DESKTOP-FD4DNOH --- [ main] .s.d.r.c.RepositoryConfigurationDelegate : Finished Spring Data repository scanning in 3 ms. Found 0 JPA repository interfaces.
2022-09-22 15:49:54.690  INFO DESKTOP-FD4DNOH --- [ main] o.s.b.w.e.t.TomcatWebServer              : Tomcat initialized with port(s): 8080 (http)
2022-09-22 15:49:54.705  INFO DESKTOP-FD4DNOH --- [ main] o.a.c.h.Http11NioProtocol                : Initializing ProtocolHandler ["http-nio-8080"]
2022-09-22 15:49:54.705  INFO DESKTOP-FD4DNOH --- [ main] o.a.c.c.StandardService                  : Starting service [Tomcat]
2022-09-22 15:49:54.705  INFO DESKTOP-FD4DNOH --- [ main] o.a.c.c.StandardEngine                   : Starting Servlet engine: [Apache Tomcat/9.0.65]
2022-09-22 15:49:54.806  INFO DESKTOP-FD4DNOH --- [ main] o.a.c.c.C.[.[.[/app/warehouse]           : Initializing Spring embedded WebApplicationContext
2022-09-22 15:49:54.807  INFO DESKTOP-FD4DNOH --- [ main] w.s.c.ServletWebServerApplicationContext : Root WebApplicationContext: initialization completed in 807 ms
2022-09-22 15:49:54.937  INFO DESKTOP-FD4DNOH --- [ main] c.z.h.HikariDataSource                   : HikariPool-1 - Starting...
2022-09-22 15:49:55.015  INFO DESKTOP-FD4DNOH --- [ main] c.z.h.HikariDataSource                   : HikariPool-1 - Start completed.
2022-09-22 15:49:55.177  INFO DESKTOP-FD4DNOH --- [ main] l.lockservice                            : Successfully acquired change log lock
2022-09-22 15:49:55.395  INFO DESKTOP-FD4DNOH --- [ main] l.changelog                              : Reading from warehouse.DATABASECHANGELOG
2022-09-22 15:49:55.458  INFO DESKTOP-FD4DNOH --- [ main] l.lockservice                            : Successfully released change log lock
2022-09-22 15:49:55.505  INFO DESKTOP-FD4DNOH --- [ main] o.h.j.i.u.LogHelper                      : HHH000204: Processing PersistenceUnitInfo [name: default]
2022-09-22 15:49:55.520  INFO DESKTOP-FD4DNOH --- [ main] o.h.Version                              : HHH000412: Hibernate ORM core version 5.6.11.Final
2022-09-22 15:49:55.614  INFO DESKTOP-FD4DNOH --- [ main] o.h.a.c.Version                          : HCANN000001: Hibernate Commons Annotations {5.1.2.Final}
2022-09-22 15:49:55.661  INFO DESKTOP-FD4DNOH --- [ main] o.h.d.Dialect                            : HHH000400: Using dialect: org.hibernate.dialect.MySQL5InnoDBDialect
2022-09-22 15:49:55.739  INFO DESKTOP-FD4DNOH --- [ main] o.h.e.t.j.p.i.JtaPlatformInitiator       : HHH000490: Using JtaPlatform implementation: [org.hibernate.engine.transaction.jta.platform.internal.NoJtaPlatform]
2022-09-22 15:49:55.755  INFO DESKTOP-FD4DNOH --- [ main] j.LocalContainerEntityManagerFactoryBean : Initialized JPA EntityManagerFactory for persistence unit 'default'
2022-09-22 15:49:55.911  WARN DESKTOP-FD4DNOH --- [ main] ion$DefaultTemplateResolverConfiguration : Cannot find template location: classpath:/templates/ (please add some templates, check your Thymeleaf configuration, or set spring.thymeleaf.check-template-location=false)
2022-09-22 15:49:55.982  WARN DESKTOP-FD4DNOH --- [ main] .s.s.UserDetailsServiceAutoConfiguration : 

Using generated security password: 69ccbddb-b8e6-4976-ba36-b2e6d85476e4

This generated password is for development use only. Your security configuration must be updated before running your application in production.

2022-09-22 15:49:56.043  INFO DESKTOP-FD4DNOH --- [ main] o.s.s.w.DefaultSecurityFilterChain       : Will secure any request with [org.springframework.security.web.session.DisableEncodeUrlFilter@ce0bbd5, org.springframework.security.web.context.request.async.WebAsyncManagerIntegrationFilter@399fd710, org.springframework.security.web.context.SecurityContextPersistenceFilter@5d04fbb7, org.springframework.security.web.header.HeaderWriterFilter@55574295, org.springframework.security.web.csrf.CsrfFilter@1e5e3147, org.springframework.security.web.authentication.logout.LogoutFilter@6167c42f, org.springframework.security.web.authentication.UsernamePasswordAuthenticationFilter@565c887e, org.springframework.security.web.authentication.ui.DefaultLoginPageGeneratingFilter@48d464cf, org.springframework.security.web.authentication.ui.DefaultLogoutPageGeneratingFilter@7c359808, org.springframework.security.web.authentication.www.BasicAuthenticationFilter@7c6ab057, org.springframework.security.web.savedrequest.RequestCacheAwareFilter@5c7e55a4, org.springframework.security.web.servletapi.SecurityContextHolderAwareRequestFilter@7ae6927, org.springframework.security.web.authentication.AnonymousAuthenticationFilter@1f013047, org.springframework.security.web.session.SessionManagementFilter@6c4786af, org.springframework.security.web.access.ExceptionTranslationFilter@3703a400, org.springframework.security.web.access.intercept.FilterSecurityInterceptor@6db04a6]
2022-09-22 15:49:56.060  INFO DESKTOP-FD4DNOH --- [ main] o.a.c.h.Http11NioProtocol                : Starting ProtocolHandler ["http-nio-8080"]
2022-09-22 15:49:56.075  INFO DESKTOP-FD4DNOH --- [ main] o.s.b.w.e.t.TomcatWebServer              : Tomcat started on port(s): 8080 (http) with context path '/app/warehouse'
2022-09-22 15:49:56.075  INFO DESKTOP-FD4DNOH --- [ main] a.w.s.WarehouseApplication               : Started WarehouseApplication in 2.411 seconds (JVM running for 3.187)
2022-09-22 15:58:17.065  INFO DESKTOP-FD4DNOH --- [ionShutdownHook] j.LocalContainerEntityManagerFactoryBean : Closing JPA EntityManagerFactory for persistence unit 'default'
2022-09-22 15:58:17.065  INFO DESKTOP-FD4DNOH --- [ionShutdownHook] c.z.h.HikariDataSource                   : HikariPool-1 - Shutdown initiated...
2022-09-22 15:58:17.081  INFO DESKTOP-FD4DNOH --- [ionShutdownHook] c.z.h.HikariDataSource                   : HikariPool-1 - Shutdown completed.
2022-09-22 15:58:21.001  INFO DESKTOP-FD4DNOH --- [ main] a.w.s.WarehouseApplication               : Starting WarehouseApplication using Java 17.0.3.1 on DESKTOP-FD4DNOH with PID 21468 (C:\Users\Rei\Desktop\warehouse\target\classes started by Rei in C:\Users\Rei\Desktop\warehouse)
2022-09-22 15:58:21.014  INFO DESKTOP-FD4DNOH --- [ main] a.w.s.WarehouseApplication               : No active profile set, falling back to 1 default profile: "default"
2022-09-22 15:58:21.400  INFO DESKTOP-FD4DNOH --- [ main] .s.d.r.c.RepositoryConfigurationDelegate : Bootstrapping Spring Data JPA repositories in DEFAULT mode.
2022-09-22 15:58:21.415  INFO DESKTOP-FD4DNOH --- [ main] .s.d.r.c.RepositoryConfigurationDelegate : Finished Spring Data repository scanning in 3 ms. Found 0 JPA repository interfaces.
2022-09-22 15:58:21.728  INFO DESKTOP-FD4DNOH --- [ main] o.s.b.w.e.t.TomcatWebServer              : Tomcat initialized with port(s): 8080 (http)
2022-09-22 15:58:21.728  INFO DESKTOP-FD4DNOH --- [ main] o.a.c.h.Http11NioProtocol                : Initializing ProtocolHandler ["http-nio-8080"]
2022-09-22 15:58:21.728  INFO DESKTOP-FD4DNOH --- [ main] o.a.c.c.StandardService                  : Starting service [Tomcat]
2022-09-22 15:58:21.728  INFO DESKTOP-FD4DNOH --- [ main] o.a.c.c.StandardEngine                   : Starting Servlet engine: [Apache Tomcat/9.0.65]
2022-09-22 15:58:21.806  INFO DESKTOP-FD4DNOH --- [ main] o.a.c.c.C.[.[.[/app/warehouse]           : Initializing Spring embedded WebApplicationContext
2022-09-22 15:58:21.806  INFO DESKTOP-FD4DNOH --- [ main] w.s.c.ServletWebServerApplicationContext : Root WebApplicationContext: initialization completed in 775 ms
2022-09-22 15:58:21.931  INFO DESKTOP-FD4DNOH --- [ main] c.z.h.HikariDataSource                   : HikariPool-1 - Starting...
2022-09-22 15:58:22.024  INFO DESKTOP-FD4DNOH --- [ main] c.z.h.HikariDataSource                   : HikariPool-1 - Start completed.
2022-09-22 15:58:22.181  INFO DESKTOP-FD4DNOH --- [ main] l.lockservice                            : Successfully acquired change log lock
2022-09-22 15:58:22.415  INFO DESKTOP-FD4DNOH --- [ main] l.changelog                              : Reading from warehouse.DATABASECHANGELOG
2022-09-22 15:58:22.493  INFO DESKTOP-FD4DNOH --- [ main] l.lockservice                            : Successfully released change log lock
2022-09-22 15:58:22.540  INFO DESKTOP-FD4DNOH --- [ main] o.h.j.i.u.LogHelper                      : HHH000204: Processing PersistenceUnitInfo [name: default]
2022-09-22 15:58:22.555  INFO DESKTOP-FD4DNOH --- [ main] o.h.Version                              : HHH000412: Hibernate ORM core version 5.6.11.Final
2022-09-22 15:58:22.649  INFO DESKTOP-FD4DNOH --- [ main] o.h.a.c.Version                          : HCANN000001: Hibernate Commons Annotations {5.1.2.Final}
2022-09-22 15:58:22.712  INFO DESKTOP-FD4DNOH --- [ main] o.h.d.Dialect                            : HHH000400: Using dialect: org.hibernate.dialect.MySQL5InnoDBDialect
2022-09-22 15:58:22.946  INFO DESKTOP-FD4DNOH --- [ main] o.h.e.t.j.p.i.JtaPlatformInitiator       : HHH000490: Using JtaPlatform implementation: [org.hibernate.engine.transaction.jta.platform.internal.NoJtaPlatform]
2022-09-22 15:58:22.962  INFO DESKTOP-FD4DNOH --- [ main] j.LocalContainerEntityManagerFactoryBean : Initialized JPA EntityManagerFactory for persistence unit 'default'
2022-09-22 15:58:23.102  WARN DESKTOP-FD4DNOH --- [ main] ion$DefaultTemplateResolverConfiguration : Cannot find template location: classpath:/templates/ (please add some templates, check your Thymeleaf configuration, or set spring.thymeleaf.check-template-location=false)
2022-09-22 15:58:23.165  WARN DESKTOP-FD4DNOH --- [ main] .s.s.UserDetailsServiceAutoConfiguration : 

Using generated security password: d57f5ca3-1fb3-4c7d-b969-ee2f1e491ace

This generated password is for development use only. Your security configuration must be updated before running your application in production.

2022-09-22 15:58:23.227  INFO DESKTOP-FD4DNOH --- [ main] o.s.s.w.DefaultSecurityFilterChain       : Will secure any request with [org.springframework.security.web.session.DisableEncodeUrlFilter@5c28009f, org.springframework.security.web.context.request.async.WebAsyncManagerIntegrationFilter@19b0a9f2, org.springframework.security.web.context.SecurityContextPersistenceFilter@7e4dddee, org.springframework.security.web.header.HeaderWriterFilter@7e764e5c, org.springframework.security.web.csrf.CsrfFilter@7e58b0f6, org.springframework.security.web.authentication.logout.LogoutFilter@65a8c306, org.springframework.security.web.authentication.UsernamePasswordAuthenticationFilter@1dc2c13c, org.springframework.security.web.authentication.ui.DefaultLoginPageGeneratingFilter@811d8d6, org.springframework.security.web.authentication.ui.DefaultLogoutPageGeneratingFilter@f4c3e9, org.springframework.security.web.authentication.www.BasicAuthenticationFilter@54f4734e, org.springframework.security.web.savedrequest.RequestCacheAwareFilter@2b9bbaa8, org.springframework.security.web.servletapi.SecurityContextHolderAwareRequestFilter@11771fd6, org.springframework.security.web.authentication.AnonymousAuthenticationFilter@25890ce3, org.springframework.security.web.session.SessionManagementFilter@92de794, org.springframework.security.web.access.ExceptionTranslationFilter@50841932, org.springframework.security.web.access.intercept.FilterSecurityInterceptor@32050628]
2022-09-22 15:58:23.243  INFO DESKTOP-FD4DNOH --- [ main] o.a.c.h.Http11NioProtocol                : Starting ProtocolHandler ["http-nio-8080"]
2022-09-22 15:58:23.274  INFO DESKTOP-FD4DNOH --- [ main] o.s.b.w.e.t.TomcatWebServer              : Tomcat started on port(s): 8080 (http) with context path '/app/warehouse'
2022-09-22 15:58:23.274  INFO DESKTOP-FD4DNOH --- [ main] a.w.s.WarehouseApplication               : Started WarehouseApplication in 2.474 seconds (JVM running for 3.064)
2022-09-22 16:50:27.467  INFO DESKTOP-FD4DNOH --- [ionShutdownHook] j.LocalContainerEntityManagerFactoryBean : Closing JPA EntityManagerFactory for persistence unit 'default'
2022-09-22 16:50:27.467  INFO DESKTOP-FD4DNOH --- [ionShutdownHook] c.z.h.HikariDataSource                   : HikariPool-1 - Shutdown initiated...
2022-09-22 16:50:27.467  INFO DESKTOP-FD4DNOH --- [ionShutdownHook] c.z.h.HikariDataSource                   : HikariPool-1 - Shutdown completed.
2022-09-22 16:50:31.479  INFO DESKTOP-FD4DNOH --- [ main] a.w.s.WarehouseApplication               : Starting WarehouseApplication using Java 17.0.3.1 on DESKTOP-FD4DNOH with PID 21188 (C:\Users\Rei\Desktop\warehouse\target\classes started by Rei in C:\Users\Rei\Desktop\warehouse)
2022-09-22 16:50:31.482  INFO DESKTOP-FD4DNOH --- [ main] a.w.s.WarehouseApplication               : No active profile set, falling back to 1 default profile: "default"
2022-09-22 16:50:31.853  INFO DESKTOP-FD4DNOH --- [ main] .s.d.r.c.RepositoryConfigurationDelegate : Bootstrapping Spring Data JPA repositories in DEFAULT mode.
2022-09-22 16:50:31.868  INFO DESKTOP-FD4DNOH --- [ main] .s.d.r.c.RepositoryConfigurationDelegate : Finished Spring Data repository scanning in 3 ms. Found 0 JPA repository interfaces.
2022-09-22 16:50:32.196  INFO DESKTOP-FD4DNOH --- [ main] o.s.b.w.e.t.TomcatWebServer              : Tomcat initialized with port(s): 8080 (http)
2022-09-22 16:50:32.196  INFO DESKTOP-FD4DNOH --- [ main] o.a.c.h.Http11NioProtocol                : Initializing ProtocolHandler ["http-nio-8080"]
2022-09-22 16:50:32.196  INFO DESKTOP-FD4DNOH --- [ main] o.a.c.c.StandardService                  : Starting service [Tomcat]
2022-09-22 16:50:32.196  INFO DESKTOP-FD4DNOH --- [ main] o.a.c.c.StandardEngine                   : Starting Servlet engine: [Apache Tomcat/9.0.65]
2022-09-22 16:50:32.275  INFO DESKTOP-FD4DNOH --- [ main] o.a.c.c.C.[.[.[/app/warehouse]           : Initializing Spring embedded WebApplicationContext
2022-09-22 16:50:32.275  INFO DESKTOP-FD4DNOH --- [ main] w.s.c.ServletWebServerApplicationContext : Root WebApplicationContext: initialization completed in 777 ms
2022-09-22 16:50:32.396  INFO DESKTOP-FD4DNOH --- [ main] c.z.h.HikariDataSource                   : HikariPool-1 - Starting...
2022-09-22 16:50:32.474  INFO DESKTOP-FD4DNOH --- [ main] c.z.h.HikariDataSource                   : HikariPool-1 - Start completed.
2022-09-22 16:50:32.615  INFO DESKTOP-FD4DNOH --- [ main] l.lockservice                            : Successfully acquired change log lock
2022-09-22 16:50:32.849  INFO DESKTOP-FD4DNOH --- [ main] l.changelog                              : Reading from warehouse.DATABASECHANGELOG
2022-09-22 16:50:32.912  INFO DESKTOP-FD4DNOH --- [ main] l.lockservice                            : Successfully released change log lock
2022-09-22 16:50:32.959  INFO DESKTOP-FD4DNOH --- [ main] o.h.j.i.u.LogHelper                      : HHH000204: Processing PersistenceUnitInfo [name: default]
2022-09-22 16:50:32.990  INFO DESKTOP-FD4DNOH --- [ main] o.h.Version                              : HHH000412: Hibernate ORM core version 5.6.11.Final
2022-09-22 16:50:33.068  INFO DESKTOP-FD4DNOH --- [ main] o.h.a.c.Version                          : HCANN000001: Hibernate Commons Annotations {5.1.2.Final}
2022-09-22 16:50:33.130  INFO DESKTOP-FD4DNOH --- [ main] o.h.d.Dialect                            : HHH000400: Using dialect: org.hibernate.dialect.MySQL5InnoDBDialect
2022-09-22 16:50:33.459  INFO DESKTOP-FD4DNOH --- [ main] o.h.e.t.j.p.i.JtaPlatformInitiator       : HHH000490: Using JtaPlatform implementation: [org.hibernate.engine.transaction.jta.platform.internal.NoJtaPlatform]
2022-09-22 16:50:33.459  INFO DESKTOP-FD4DNOH --- [ main] j.LocalContainerEntityManagerFactoryBean : Initialized JPA EntityManagerFactory for persistence unit 'default'
2022-09-22 16:50:33.630  WARN DESKTOP-FD4DNOH --- [ main] ion$DefaultTemplateResolverConfiguration : Cannot find template location: classpath:/templates/ (please add some templates, check your Thymeleaf configuration, or set spring.thymeleaf.check-template-location=false)
2022-09-22 16:50:33.693  WARN DESKTOP-FD4DNOH --- [ main] .s.s.UserDetailsServiceAutoConfiguration : 

Using generated security password: fdbbb096-93db-42bb-8e31-7a77fa7209ab

This generated password is for development use only. Your security configuration must be updated before running your application in production.

2022-09-22 16:50:33.755  INFO DESKTOP-FD4DNOH --- [ main] o.s.s.w.DefaultSecurityFilterChain       : Will secure any request with [org.springframework.security.web.session.DisableEncodeUrlFilter@574e4184, org.springframework.security.web.context.request.async.WebAsyncManagerIntegrationFilter@70ab1ce0, org.springframework.security.web.context.SecurityContextPersistenceFilter@39acf187, org.springframework.security.web.header.HeaderWriterFilter@b307030, org.springframework.security.web.csrf.CsrfFilter@1e2bc241, org.springframework.security.web.authentication.logout.LogoutFilter@36ce9eaf, org.springframework.security.web.authentication.UsernamePasswordAuthenticationFilter@62c1259f, org.springframework.security.web.authentication.ui.DefaultLoginPageGeneratingFilter@17554316, org.springframework.security.web.authentication.ui.DefaultLogoutPageGeneratingFilter@50d6af87, org.springframework.security.web.authentication.www.BasicAuthenticationFilter@574413bd, org.springframework.security.web.savedrequest.RequestCacheAwareFilter@dd3e1e3, org.springframework.security.web.servletapi.SecurityContextHolderAwareRequestFilter@2686a801, org.springframework.security.web.authentication.AnonymousAuthenticationFilter@765eb801, org.springframework.security.web.session.SessionManagementFilter@263f6e96, org.springframework.security.web.access.ExceptionTranslationFilter@3d2ff73a, org.springframework.security.web.access.intercept.FilterSecurityInterceptor@125ba798]
2022-09-22 16:50:33.771  INFO DESKTOP-FD4DNOH --- [ main] o.a.c.h.Http11NioProtocol                : Starting ProtocolHandler ["http-nio-8080"]
2022-09-22 16:50:33.787  INFO DESKTOP-FD4DNOH --- [ main] o.s.b.w.e.t.TomcatWebServer              : Tomcat started on port(s): 8080 (http) with context path '/app/warehouse'
2022-09-22 16:50:33.787  INFO DESKTOP-FD4DNOH --- [ main] a.w.s.WarehouseApplication               : Started WarehouseApplication in 2.535 seconds (JVM running for 3.235)
2022-09-22 16:53:18.058  INFO DESKTOP-FD4DNOH --- [ionShutdownHook] j.LocalContainerEntityManagerFactoryBean : Closing JPA EntityManagerFactory for persistence unit 'default'
2022-09-22 16:53:18.058  INFO DESKTOP-FD4DNOH --- [ionShutdownHook] c.z.h.HikariDataSource                   : HikariPool-1 - Shutdown initiated...
2022-09-22 16:53:18.066  INFO DESKTOP-FD4DNOH --- [ionShutdownHook] c.z.h.HikariDataSource                   : HikariPool-1 - Shutdown completed.
2022-09-22 16:53:20.083  INFO DESKTOP-FD4DNOH --- [ main] a.w.s.WarehouseApplication               : Starting WarehouseApplication using Java 17.0.3.1 on DESKTOP-FD4DNOH with PID 4204 (C:\Users\Rei\Desktop\warehouse\target\classes started by Rei in C:\Users\Rei\Desktop\warehouse)
2022-09-22 16:53:20.083  INFO DESKTOP-FD4DNOH --- [ main] a.w.s.WarehouseApplication               : No active profile set, falling back to 1 default profile: "default"
2022-09-22 16:53:20.486  INFO DESKTOP-FD4DNOH --- [ main] .s.d.r.c.RepositoryConfigurationDelegate : Bootstrapping Spring Data JPA repositories in DEFAULT mode.
2022-09-22 16:53:20.486  INFO DESKTOP-FD4DNOH --- [ main] .s.d.r.c.RepositoryConfigurationDelegate : Finished Spring Data repository scanning in 3 ms. Found 0 JPA repository interfaces.
2022-09-22 16:53:20.800  INFO DESKTOP-FD4DNOH --- [ main] o.s.b.w.e.t.TomcatWebServer              : Tomcat initialized with port(s): 8080 (http)
2022-09-22 16:53:20.815  INFO DESKTOP-FD4DNOH --- [ main] o.a.c.h.Http11NioProtocol                : Initializing ProtocolHandler ["http-nio-8080"]
2022-09-22 16:53:20.815  INFO DESKTOP-FD4DNOH --- [ main] o.a.c.c.StandardService                  : Starting service [Tomcat]
2022-09-22 16:53:20.815  INFO DESKTOP-FD4DNOH --- [ main] o.a.c.c.StandardEngine                   : Starting Servlet engine: [Apache Tomcat/9.0.65]
2022-09-22 16:53:20.894  INFO DESKTOP-FD4DNOH --- [ main] o.a.c.c.C.[.[.[/app/warehouse]           : Initializing Spring embedded WebApplicationContext
2022-09-22 16:53:20.894  INFO DESKTOP-FD4DNOH --- [ main] w.s.c.ServletWebServerApplicationContext : Root WebApplicationContext: initialization completed in 779 ms
2022-09-22 16:53:21.019  INFO DESKTOP-FD4DNOH --- [ main] c.z.h.HikariDataSource                   : HikariPool-1 - Starting...
2022-09-22 16:53:21.098  INFO DESKTOP-FD4DNOH --- [ main] c.z.h.HikariDataSource                   : HikariPool-1 - Start completed.
2022-09-22 16:53:21.255  INFO DESKTOP-FD4DNOH --- [ main] l.lockservice                            : Successfully acquired change log lock
2022-09-22 16:53:21.490  INFO DESKTOP-FD4DNOH --- [ main] l.changelog                              : Reading from warehouse.DATABASECHANGELOG
2022-09-22 16:53:21.553  INFO DESKTOP-FD4DNOH --- [ main] l.lockservice                            : Successfully released change log lock
2022-09-22 16:53:21.599  INFO DESKTOP-FD4DNOH --- [ main] o.h.j.i.u.LogHelper                      : HHH000204: Processing PersistenceUnitInfo [name: default]
2022-09-22 16:53:21.615  INFO DESKTOP-FD4DNOH --- [ main] o.h.Version                              : HHH000412: Hibernate ORM core version 5.6.11.Final
2022-09-22 16:53:21.709  INFO DESKTOP-FD4DNOH --- [ main] o.h.a.c.Version                          : HCANN000001: Hibernate Commons Annotations {5.1.2.Final}
2022-09-22 16:53:21.757  INFO DESKTOP-FD4DNOH --- [ main] o.h.d.Dialect                            : HHH000400: Using dialect: org.hibernate.dialect.MySQL5InnoDBDialect
2022-09-22 16:53:22.106  INFO DESKTOP-FD4DNOH --- [ main] o.h.e.t.j.p.i.JtaPlatformInitiator       : HHH000490: Using JtaPlatform implementation: [org.hibernate.engine.transaction.jta.platform.internal.NoJtaPlatform]
2022-09-22 16:53:22.106  INFO DESKTOP-FD4DNOH --- [ main] j.LocalContainerEntityManagerFactoryBean : Initialized JPA EntityManagerFactory for persistence unit 'default'
2022-09-22 16:53:22.264  WARN DESKTOP-FD4DNOH --- [ main] ion$DefaultTemplateResolverConfiguration : Cannot find template location: classpath:/templates/ (please add some templates, check your Thymeleaf configuration, or set spring.thymeleaf.check-template-location=false)
2022-09-22 16:53:22.310  WARN DESKTOP-FD4DNOH --- [ main] .s.s.UserDetailsServiceAutoConfiguration : 

Using generated security password: 31babaf9-6c8c-49e9-965f-e0c567b333a0

This generated password is for development use only. Your security configuration must be updated before running your application in production.

2022-09-22 16:53:22.373  INFO DESKTOP-FD4DNOH --- [ main] o.s.s.w.DefaultSecurityFilterChain       : Will secure any request with [org.springframework.security.web.session.DisableEncodeUrlFilter@80b6098, org.springframework.security.web.context.request.async.WebAsyncManagerIntegrationFilter@5c30decf, org.springframework.security.web.context.SecurityContextPersistenceFilter@202d1424, org.springframework.security.web.header.HeaderWriterFilter@1adec8d, org.springframework.security.web.csrf.CsrfFilter@36ec4071, org.springframework.security.web.authentication.logout.LogoutFilter@112b3298, org.springframework.security.web.authentication.UsernamePasswordAuthenticationFilter@7077ae9c, org.springframework.security.web.authentication.ui.DefaultLoginPageGeneratingFilter@63b2418e, org.springframework.security.web.authentication.ui.DefaultLogoutPageGeneratingFilter@7827cdfc, org.springframework.security.web.authentication.www.BasicAuthenticationFilter@da5b46f, org.springframework.security.web.savedrequest.RequestCacheAwareFilter@6dadcf58, org.springframework.security.web.servletapi.SecurityContextHolderAwareRequestFilter@467421cc, org.springframework.security.web.authentication.AnonymousAuthenticationFilter@4a0f4282, org.springframework.security.web.session.SessionManagementFilter@34d0c331, org.springframework.security.web.access.ExceptionTranslationFilter@5a464be7, org.springframework.security.web.access.intercept.FilterSecurityInterceptor@571903ff]
2022-09-22 16:53:22.405  INFO DESKTOP-FD4DNOH --- [ main] o.a.c.h.Http11NioProtocol                : Starting ProtocolHandler ["http-nio-8080"]
2022-09-22 16:53:22.420  INFO DESKTOP-FD4DNOH --- [ main] o.s.b.w.e.t.TomcatWebServer              : Tomcat started on port(s): 8080 (http) with context path '/app/warehouse'
2022-09-22 16:53:22.420  INFO DESKTOP-FD4DNOH --- [ main] a.w.s.WarehouseApplication               : Started WarehouseApplication in 2.609 seconds (JVM running for 3.602)
2022-09-22 17:29:43.092  INFO DESKTOP-FD4DNOH --- [ionShutdownHook] j.LocalContainerEntityManagerFactoryBean : Closing JPA EntityManagerFactory for persistence unit 'default'
2022-09-22 17:29:43.092  INFO DESKTOP-FD4DNOH --- [ionShutdownHook] c.z.h.HikariDataSource                   : HikariPool-1 - Shutdown initiated...
2022-09-22 17:29:43.092  INFO DESKTOP-FD4DNOH --- [ionShutdownHook] c.z.h.HikariDataSource                   : HikariPool-1 - Shutdown completed.
2022-09-22 17:29:48.167  INFO DESKTOP-FD4DNOH --- [ main] a.w.s.WarehouseApplication               : Starting WarehouseApplication using Java 17.0.3.1 on DESKTOP-FD4DNOH with PID 10548 (C:\Users\Rei\Desktop\warehouse\target\classes started by Rei in C:\Users\Rei\Desktop\warehouse)
2022-09-22 17:29:48.177  INFO DESKTOP-FD4DNOH --- [ main] a.w.s.WarehouseApplication               : No active profile set, falling back to 1 default profile: "default"
2022-09-22 17:29:48.600  INFO DESKTOP-FD4DNOH --- [ main] .s.d.r.c.RepositoryConfigurationDelegate : Bootstrapping Spring Data JPA repositories in DEFAULT mode.
2022-09-22 17:29:48.631  INFO DESKTOP-FD4DNOH --- [ main] .s.d.r.c.RepositoryConfigurationDelegate : Finished Spring Data repository scanning in 32 ms. Found 1 JPA repository interfaces.
2022-09-22 17:29:48.943  INFO DESKTOP-FD4DNOH --- [ main] o.s.b.w.e.t.TomcatWebServer              : Tomcat initialized with port(s): 8080 (http)
2022-09-22 17:29:48.959  INFO DESKTOP-FD4DNOH --- [ main] o.a.c.h.Http11NioProtocol                : Initializing ProtocolHandler ["http-nio-8080"]
2022-09-22 17:29:48.959  INFO DESKTOP-FD4DNOH --- [ main] o.a.c.c.StandardService                  : Starting service [Tomcat]
2022-09-22 17:29:48.959  INFO DESKTOP-FD4DNOH --- [ main] o.a.c.c.StandardEngine                   : Starting Servlet engine: [Apache Tomcat/9.0.65]
2022-09-22 17:29:49.022  INFO DESKTOP-FD4DNOH --- [ main] o.a.c.c.C.[.[.[/app/warehouse]           : Initializing Spring embedded WebApplicationContext
2022-09-22 17:29:49.022  INFO DESKTOP-FD4DNOH --- [ main] w.s.c.ServletWebServerApplicationContext : Root WebApplicationContext: initialization completed in 822 ms
2022-09-22 17:29:49.162  INFO DESKTOP-FD4DNOH --- [ main] c.z.h.HikariDataSource                   : HikariPool-1 - Starting...
2022-09-22 17:29:49.240  INFO DESKTOP-FD4DNOH --- [ main] c.z.h.HikariDataSource                   : HikariPool-1 - Start completed.
2022-09-22 17:29:49.391  INFO DESKTOP-FD4DNOH --- [ main] l.lockservice                            : Successfully acquired change log lock
2022-09-22 17:29:49.609  INFO DESKTOP-FD4DNOH --- [ main] l.changelog                              : Reading from warehouse.DATABASECHANGELOG
2022-09-22 17:29:49.672  INFO DESKTOP-FD4DNOH --- [ main] l.lockservice                            : Successfully released change log lock
2022-09-22 17:29:49.719  INFO DESKTOP-FD4DNOH --- [ main] o.h.j.i.u.LogHelper                      : HHH000204: Processing PersistenceUnitInfo [name: default]
2022-09-22 17:29:49.750  INFO DESKTOP-FD4DNOH --- [ main] o.h.Version                              : HHH000412: Hibernate ORM core version 5.6.11.Final
2022-09-22 17:29:49.828  INFO DESKTOP-FD4DNOH --- [ main] o.h.a.c.Version                          : HCANN000001: Hibernate Commons Annotations {5.1.2.Final}
2022-09-22 17:29:49.890  INFO DESKTOP-FD4DNOH --- [ main] o.h.d.Dialect                            : HHH000400: Using dialect: org.hibernate.dialect.MySQL5InnoDBDialect
2022-09-22 17:29:50.203  INFO DESKTOP-FD4DNOH --- [ main] o.h.e.t.j.p.i.JtaPlatformInitiator       : HHH000490: Using JtaPlatform implementation: [org.hibernate.engine.transaction.jta.platform.internal.NoJtaPlatform]
2022-09-22 17:29:50.218  INFO DESKTOP-FD4DNOH --- [ main] j.LocalContainerEntityManagerFactoryBean : Initialized JPA EntityManagerFactory for persistence unit 'default'
2022-09-22 17:29:50.531  WARN DESKTOP-FD4DNOH --- [ main] ion$DefaultTemplateResolverConfiguration : Cannot find template location: classpath:/templates/ (please add some templates, check your Thymeleaf configuration, or set spring.thymeleaf.check-template-location=false)
2022-09-22 17:29:50.656  INFO DESKTOP-FD4DNOH --- [ main] o.s.s.w.DefaultSecurityFilterChain       : Will secure any request with [org.springframework.security.web.session.DisableEncodeUrlFilter@379df603, org.springframework.security.web.context.request.async.WebAsyncManagerIntegrationFilter@58fb5b8f, org.springframework.security.web.context.SecurityContextPersistenceFilter@7b1b1784, org.springframework.security.web.header.HeaderWriterFilter@5e8bc83e, org.springframework.security.web.csrf.CsrfFilter@3f910f36, org.springframework.security.web.authentication.logout.LogoutFilter@5b312863, org.springframework.security.web.authentication.UsernamePasswordAuthenticationFilter@7c7a4986, org.springframework.security.web.authentication.ui.DefaultLoginPageGeneratingFilter@1fb379e4, org.springframework.security.web.authentication.ui.DefaultLogoutPageGeneratingFilter@51d41b97, org.springframework.security.web.authentication.www.BasicAuthenticationFilter@1a598e30, org.springframework.security.web.savedrequest.RequestCacheAwareFilter@58e0d1ac, org.springframework.security.web.servletapi.SecurityContextHolderAwareRequestFilter@7fba30fe, org.springframework.security.web.authentication.AnonymousAuthenticationFilter@7fd3c38b, org.springframework.security.web.session.SessionManagementFilter@69374e28, org.springframework.security.web.access.ExceptionTranslationFilter@c6653e, org.springframework.security.web.access.intercept.FilterSecurityInterceptor@7236213e]
2022-09-22 17:29:50.671  INFO DESKTOP-FD4DNOH --- [ main] o.a.c.h.Http11NioProtocol                : Starting ProtocolHandler ["http-nio-8080"]
2022-09-22 17:29:50.687  INFO DESKTOP-FD4DNOH --- [ main] o.s.b.w.e.t.TomcatWebServer              : Tomcat started on port(s): 8080 (http) with context path '/app/warehouse'
2022-09-22 17:29:50.703  INFO DESKTOP-FD4DNOH --- [ main] a.w.s.WarehouseApplication               : Started WarehouseApplication in 2.842 seconds (JVM running for 3.588)
2022-09-22 17:44:19.013  INFO DESKTOP-FD4DNOH --- [ionShutdownHook] j.LocalContainerEntityManagerFactoryBean : Closing JPA EntityManagerFactory for persistence unit 'default'
2022-09-22 17:44:19.013  INFO DESKTOP-FD4DNOH --- [ionShutdownHook] c.z.h.HikariDataSource                   : HikariPool-1 - Shutdown initiated...
2022-09-22 17:44:19.029  INFO DESKTOP-FD4DNOH --- [ionShutdownHook] c.z.h.HikariDataSource                   : HikariPool-1 - Shutdown completed.
2022-09-22 17:44:23.831  INFO DESKTOP-FD4DNOH --- [ main] a.w.s.WarehouseApplication               : Starting WarehouseApplication using Java 17.0.3.1 on DESKTOP-FD4DNOH with PID 18760 (C:\Users\Rei\Desktop\warehouse\target\classes started by Rei in C:\Users\Rei\Desktop\warehouse)
2022-09-22 17:44:23.846  INFO DESKTOP-FD4DNOH --- [ main] a.w.s.WarehouseApplication               : No active profile set, falling back to 1 default profile: "default"
2022-09-22 17:44:24.227  INFO DESKTOP-FD4DNOH --- [ main] .s.d.r.c.RepositoryConfigurationDelegate : Bootstrapping Spring Data JPA repositories in DEFAULT mode.
2022-09-22 17:44:24.258  INFO DESKTOP-FD4DNOH --- [ main] .s.d.r.c.RepositoryConfigurationDelegate : Finished Spring Data repository scanning in 28 ms. Found 1 JPA repository interfaces.
2022-09-22 17:44:24.578  INFO DESKTOP-FD4DNOH --- [ main] o.s.b.w.e.t.TomcatWebServer              : Tomcat initialized with port(s): 8080 (http)
2022-09-22 17:44:24.594  INFO DESKTOP-FD4DNOH --- [ main] o.a.c.h.Http11NioProtocol                : Initializing ProtocolHandler ["http-nio-8080"]
2022-09-22 17:44:24.594  INFO DESKTOP-FD4DNOH --- [ main] o.a.c.c.StandardService                  : Starting service [Tomcat]
2022-09-22 17:44:24.594  INFO DESKTOP-FD4DNOH --- [ main] o.a.c.c.StandardEngine                   : Starting Servlet engine: [Apache Tomcat/9.0.65]
2022-09-22 17:44:24.672  INFO DESKTOP-FD4DNOH --- [ main] o.a.c.c.C.[.[.[/app/warehouse]           : Initializing Spring embedded WebApplicationContext
2022-09-22 17:44:24.672  INFO DESKTOP-FD4DNOH --- [ main] w.s.c.ServletWebServerApplicationContext : Root WebApplicationContext: initialization completed in 799 ms
2022-09-22 17:44:24.813  INFO DESKTOP-FD4DNOH --- [ main] c.z.h.HikariDataSource                   : HikariPool-1 - Starting...
2022-09-22 17:44:24.891  INFO DESKTOP-FD4DNOH --- [ main] c.z.h.HikariDataSource                   : HikariPool-1 - Start completed.
2022-09-22 17:44:25.047  INFO DESKTOP-FD4DNOH --- [ main] l.lockservice                            : Successfully acquired change log lock
2022-09-22 17:44:25.281  INFO DESKTOP-FD4DNOH --- [ main] l.changelog                              : Reading from warehouse.DATABASECHANGELOG
2022-09-22 17:44:25.344  INFO DESKTOP-FD4DNOH --- [ main] l.lockservice                            : Successfully released change log lock
2022-09-22 17:44:25.391  INFO DESKTOP-FD4DNOH --- [ main] o.h.j.i.u.LogHelper                      : HHH000204: Processing PersistenceUnitInfo [name: default]
2022-09-22 17:44:25.422  INFO DESKTOP-FD4DNOH --- [ main] o.h.Version                              : HHH000412: Hibernate ORM core version 5.6.11.Final
2022-09-22 17:44:25.500  INFO DESKTOP-FD4DNOH --- [ main] o.h.a.c.Version                          : HCANN000001: Hibernate Commons Annotations {5.1.2.Final}
2022-09-22 17:44:25.563  INFO DESKTOP-FD4DNOH --- [ main] o.h.d.Dialect                            : HHH000400: Using dialect: org.hibernate.dialect.MySQL5InnoDBDialect
2022-09-22 17:44:25.875  INFO DESKTOP-FD4DNOH --- [ main] o.h.e.t.j.p.i.JtaPlatformInitiator       : HHH000490: Using JtaPlatform implementation: [org.hibernate.engine.transaction.jta.platform.internal.NoJtaPlatform]
2022-09-22 17:44:25.891  INFO DESKTOP-FD4DNOH --- [ main] j.LocalContainerEntityManagerFactoryBean : Initialized JPA EntityManagerFactory for persistence unit 'default'
2022-09-22 17:44:26.265  INFO DESKTOP-FD4DNOH --- [ main] o.s.s.w.DefaultSecurityFilterChain       : Will secure any request with [org.springframework.security.web.session.DisableEncodeUrlFilter@3328db4f, org.springframework.security.web.context.request.async.WebAsyncManagerIntegrationFilter@4f9e9c21, org.springframework.security.web.context.SecurityContextPersistenceFilter@3a61d819, org.springframework.security.web.header.HeaderWriterFilter@2a4f1bc5, org.springframework.web.filter.CorsFilter@1390a43a, org.springframework.security.web.authentication.logout.LogoutFilter@1f05d08c, app.warehouse.system.security.jwt.JwtFilter@4207852d, app.warehouse.system.security.jwt.JwtFilter@4207852d, org.springframework.security.web.savedrequest.RequestCacheAwareFilter@77b01226, org.springframework.security.web.servletapi.SecurityContextHolderAwareRequestFilter@386ea60f, org.springframework.security.web.authentication.AnonymousAuthenticationFilter@7bf2e475, org.springframework.security.web.session.SessionManagementFilter@51d76ad3, org.springframework.security.web.access.ExceptionTranslationFilter@4a7c8cb7, org.springframework.security.web.access.intercept.FilterSecurityInterceptor@8bd9d08]
2022-09-22 17:44:26.328  WARN DESKTOP-FD4DNOH --- [ main] ion$DefaultTemplateResolverConfiguration : Cannot find template location: classpath:/templates/ (please add some templates, check your Thymeleaf configuration, or set spring.thymeleaf.check-template-location=false)
2022-09-22 17:44:26.406  INFO DESKTOP-FD4DNOH --- [ main] o.a.c.h.Http11NioProtocol                : Starting ProtocolHandler ["http-nio-8080"]
2022-09-22 17:44:26.406  INFO DESKTOP-FD4DNOH --- [ main] o.s.b.w.e.t.TomcatWebServer              : Tomcat started on port(s): 8080 (http) with context path '/app/warehouse'
2022-09-22 17:44:26.422  INFO DESKTOP-FD4DNOH --- [ main] a.w.s.WarehouseApplication               : Started WarehouseApplication in 2.793 seconds (JVM running for 3.42)
